

Started GET "/" for 127.0.0.1 at 2017-04-05 11:07:56 +0300

ActiveRecord::PendingMigrationError (Migrations are pending; run 'bin/rake db:migrate RAILS_ENV=development' to resolve this issue.):
  activerecord (4.0.13) lib/active_record/migration.rb:383:in `check_pending!'
  activerecord (4.0.13) lib/active_record/migration.rb:370:in `call'
  actionpack (4.0.13) lib/action_dispatch/middleware/callbacks.rb:29:in `block in call'
  activesupport (4.0.13) lib/active_support/callbacks.rb:373:in `_run__1725860965022277879__call__callbacks'
  activesupport (4.0.13) lib/active_support/callbacks.rb:80:in `run_callbacks'
  actionpack (4.0.13) lib/action_dispatch/middleware/callbacks.rb:27:in `call'
  actionpack (4.0.13) lib/action_dispatch/middleware/reloader.rb:64:in `call'
  actionpack (4.0.13) lib/action_dispatch/middleware/remote_ip.rb:76:in `call'
  actionpack (4.0.13) lib/action_dispatch/middleware/debug_exceptions.rb:17:in `call'
  actionpack (4.0.13) lib/action_dispatch/middleware/show_exceptions.rb:30:in `call'
  railties (4.0.13) lib/rails/rack/logger.rb:38:in `call_app'
  railties (4.0.13) lib/rails/rack/logger.rb:20:in `block in call'
  activesupport (4.0.13) lib/active_support/tagged_logging.rb:68:in `block in tagged'
  activesupport (4.0.13) lib/active_support/tagged_logging.rb:26:in `tagged'
  activesupport (4.0.13) lib/active_support/tagged_logging.rb:68:in `tagged'
  railties (4.0.13) lib/rails/rack/logger.rb:20:in `call'
  actionpack (4.0.13) lib/action_dispatch/middleware/request_id.rb:21:in `call'
  rack (1.5.5) lib/rack/methodoverride.rb:21:in `call'
  rack (1.5.5) lib/rack/runtime.rb:17:in `call'
  activesupport (4.0.13) lib/active_support/cache/strategy/local_cache.rb:83:in `call'
  rack (1.5.5) lib/rack/lock.rb:17:in `call'
  actionpack (4.0.13) lib/action_dispatch/middleware/static.rb:84:in `call'
  rack (1.5.5) lib/rack/sendfile.rb:112:in `call'
  railties (4.0.13) lib/rails/engine.rb:511:in `call'
  railties (4.0.13) lib/rails/application.rb:97:in `call'
  rack (1.5.5) lib/rack/lock.rb:17:in `call'
  rack (1.5.5) lib/rack/content_length.rb:14:in `call'
  rack (1.5.5) lib/rack/handler/webrick.rb:60:in `service'
  /Users/ExpFront/.rbenv/versions/2.1.0/lib/ruby/2.1.0/webrick/httpserver.rb:138:in `service'
  /Users/ExpFront/.rbenv/versions/2.1.0/lib/ruby/2.1.0/webrick/httpserver.rb:94:in `run'
  /Users/ExpFront/.rbenv/versions/2.1.0/lib/ruby/2.1.0/webrick/server.rb:295:in `block in start_thread'


  Rendered /Users/ExpFront/.rbenv/versions/2.1.0/lib/ruby/gems/2.1.0/gems/actionpack-4.0.13/lib/action_dispatch/middleware/templates/rescues/_source.erb (0.5ms)
  Rendered /Users/ExpFront/.rbenv/versions/2.1.0/lib/ruby/gems/2.1.0/gems/actionpack-4.0.13/lib/action_dispatch/middleware/templates/rescues/_trace.erb (1.0ms)
  Rendered /Users/ExpFront/.rbenv/versions/2.1.0/lib/ruby/gems/2.1.0/gems/actionpack-4.0.13/lib/action_dispatch/middleware/templates/rescues/_request_and_response.erb (0.8ms)
  Rendered /Users/ExpFront/.rbenv/versions/2.1.0/lib/ruby/gems/2.1.0/gems/actionpack-4.0.13/lib/action_dispatch/middleware/templates/rescues/diagnostics.erb within rescues/layout (18.1ms)
  [1m[36m (2.3ms)[0m  [1mCREATE TABLE "schema_migrations" ("version" varchar(255) NOT NULL) [0m
  [1m[35m (1.2ms)[0m  CREATE UNIQUE INDEX "unique_schema_migrations" ON "schema_migrations" ("version")
  [1m[36mActiveRecord::SchemaMigration Load (0.2ms)[0m  [1mSELECT "schema_migrations".* FROM "schema_migrations"[0m
Migrating to CreateProducts (20170405080659)
  [1m[35m (0.1ms)[0m  begin transaction
  [1m[36m (0.4ms)[0m  [1mCREATE TABLE "products" ("id" INTEGER PRIMARY KEY AUTOINCREMENT NOT NULL, "title" varchar(255), "description" text, "image_url" varchar(255), "price" decimal(8,2), "created_at" datetime, "updated_at" datetime) [0m
  [1m[35mSQL (0.3ms)[0m  INSERT INTO "schema_migrations" ("version") VALUES (?)  [["version", "20170405080659"]]
  [1m[36m (0.9ms)[0m  [1mcommit transaction[0m
  [1m[35mActiveRecord::SchemaMigration Load (0.2ms)[0m  SELECT "schema_migrations".* FROM "schema_migrations"


Started GET "/" for 127.0.0.1 at 2017-04-05 11:09:05 +0300
  [1m[36mActiveRecord::SchemaMigration Load (0.1ms)[0m  [1mSELECT "schema_migrations".* FROM "schema_migrations"[0m
Processing by Rails::WelcomeController#index as HTML
  Rendered /Users/ExpFront/.rbenv/versions/2.1.0/lib/ruby/gems/2.1.0/gems/railties-4.0.13/lib/rails/templates/rails/welcome/index.html.erb (1.7ms)
Completed 200 OK in 20ms (Views: 8.9ms | ActiveRecord: 0.0ms)


Started GET "/application.html" for 127.0.0.1 at 2017-04-05 11:09:20 +0300

ActionController::RoutingError (No route matches [GET] "/application.html"):
  actionpack (4.0.13) lib/action_dispatch/middleware/debug_exceptions.rb:21:in `call'
  actionpack (4.0.13) lib/action_dispatch/middleware/show_exceptions.rb:30:in `call'
  railties (4.0.13) lib/rails/rack/logger.rb:38:in `call_app'
  railties (4.0.13) lib/rails/rack/logger.rb:20:in `block in call'
  activesupport (4.0.13) lib/active_support/tagged_logging.rb:68:in `block in tagged'
  activesupport (4.0.13) lib/active_support/tagged_logging.rb:26:in `tagged'
  activesupport (4.0.13) lib/active_support/tagged_logging.rb:68:in `tagged'
  railties (4.0.13) lib/rails/rack/logger.rb:20:in `call'
  actionpack (4.0.13) lib/action_dispatch/middleware/request_id.rb:21:in `call'
  rack (1.5.5) lib/rack/methodoverride.rb:21:in `call'
  rack (1.5.5) lib/rack/runtime.rb:17:in `call'
  activesupport (4.0.13) lib/active_support/cache/strategy/local_cache.rb:83:in `call'
  rack (1.5.5) lib/rack/lock.rb:17:in `call'
  actionpack (4.0.13) lib/action_dispatch/middleware/static.rb:84:in `call'
  rack (1.5.5) lib/rack/sendfile.rb:112:in `call'
  railties (4.0.13) lib/rails/engine.rb:511:in `call'
  railties (4.0.13) lib/rails/application.rb:97:in `call'
  rack (1.5.5) lib/rack/lock.rb:17:in `call'
  rack (1.5.5) lib/rack/content_length.rb:14:in `call'
  rack (1.5.5) lib/rack/handler/webrick.rb:60:in `service'
  /Users/ExpFront/.rbenv/versions/2.1.0/lib/ruby/2.1.0/webrick/httpserver.rb:138:in `service'
  /Users/ExpFront/.rbenv/versions/2.1.0/lib/ruby/2.1.0/webrick/httpserver.rb:94:in `run'
  /Users/ExpFront/.rbenv/versions/2.1.0/lib/ruby/2.1.0/webrick/server.rb:295:in `block in start_thread'


  Rendered /Users/ExpFront/.rbenv/versions/2.1.0/lib/ruby/gems/2.1.0/gems/actionpack-4.0.13/lib/action_dispatch/middleware/templates/rescues/_trace.erb (1.1ms)
  Rendered /Users/ExpFront/.rbenv/versions/2.1.0/lib/ruby/gems/2.1.0/gems/actionpack-4.0.13/lib/action_dispatch/middleware/templates/routes/_route.html.erb (0.9ms)
  Rendered /Users/ExpFront/.rbenv/versions/2.1.0/lib/ruby/gems/2.1.0/gems/actionpack-4.0.13/lib/action_dispatch/middleware/templates/routes/_table.html.erb (4.6ms)
  Rendered /Users/ExpFront/.rbenv/versions/2.1.0/lib/ruby/gems/2.1.0/gems/actionpack-4.0.13/lib/action_dispatch/middleware/templates/rescues/routing_error.erb within rescues/layout (23.6ms)


Started GET "/products.html" for 127.0.0.1 at 2017-04-05 11:10:20 +0300
Processing by ProductsController#index as HTML
  [1m[35mProduct Load (0.1ms)[0m  SELECT "products".* FROM "products"
  Rendered products/index.html.erb within layouts/application (1.3ms)
Completed 200 OK in 438ms (Views: 435.3ms | ActiveRecord: 0.1ms)


Started GET "/assets/application.css?body=1" for 127.0.0.1 at 2017-04-05 11:10:21 +0300


Started GET "/assets/scaffolds.css?body=1" for 127.0.0.1 at 2017-04-05 11:10:21 +0300


Started GET "/assets/products.css?body=1" for 127.0.0.1 at 2017-04-05 11:10:21 +0300


Started GET "/assets/products.js?body=1" for 127.0.0.1 at 2017-04-05 11:10:21 +0300


Started GET "/assets/jquery_ujs.js?body=1" for 127.0.0.1 at 2017-04-05 11:10:21 +0300


Started GET "/assets/jquery.js?body=1" for 127.0.0.1 at 2017-04-05 11:10:21 +0300


Started GET "/assets/turbolinks.js?body=1" for 127.0.0.1 at 2017-04-05 11:10:21 +0300


Started GET "/assets/application.js?body=1" for 127.0.0.1 at 2017-04-05 11:10:21 +0300


Started GET "/products/new" for 127.0.0.1 at 2017-04-05 11:10:23 +0300
Processing by ProductsController#new as HTML
  Rendered products/_form.html.erb (42.0ms)
  Rendered products/new.html.erb within layouts/application (44.4ms)
Completed 200 OK in 53ms (Views: 50.1ms | ActiveRecord: 0.7ms)


Started POST "/products" for 127.0.0.1 at 2017-04-05 11:10:27 +0300
Processing by ProductsController#create as HTML
  Parameters: {"utf8"=>"✓", "authenticity_token"=>"a/5NZtGqajJGt5oDmdY+GQEl9iF9DIx3TQKMjKzKfIQ=", "product"=>{"title"=>"Ff", "description"=>"ff", "image_url"=>"", "price"=>""}, "commit"=>"Create Product"}
  [1m[36m (0.3ms)[0m  [1mbegin transaction[0m
  [1m[35mSQL (4.0ms)[0m  INSERT INTO "products" ("created_at", "description", "image_url", "title", "updated_at") VALUES (?, ?, ?, ?, ?)  [["created_at", Wed, 05 Apr 2017 08:10:27 UTC +00:00], ["description", "ff"], ["image_url", ""], ["title", "Ff"], ["updated_at", Wed, 05 Apr 2017 08:10:27 UTC +00:00]]
  [1m[36m (0.8ms)[0m  [1mcommit transaction[0m
Redirected to http://localhost:3000/products/1
Completed 302 Found in 11ms (ActiveRecord: 5.1ms)


Started GET "/products/1" for 127.0.0.1 at 2017-04-05 11:10:27 +0300
Processing by ProductsController#show as HTML
  Parameters: {"id"=>"1"}
  [1m[35mProduct Load (0.2ms)[0m  SELECT "products".* FROM "products" WHERE "products"."id" = ? LIMIT 1  [["id", "1"]]
  Rendered products/show.html.erb within layouts/application (0.8ms)
Completed 200 OK in 7ms (Views: 4.6ms | ActiveRecord: 0.2ms)


Started GET "/assets/application.css?body=1" for 127.0.0.1 at 2017-04-05 11:10:27 +0300


Started GET "/assets/products.css?body=1" for 127.0.0.1 at 2017-04-05 11:10:27 +0300


Started GET "/assets/scaffolds.css?body=1" for 127.0.0.1 at 2017-04-05 11:10:27 +0300


Started GET "/products/1/edit" for 127.0.0.1 at 2017-04-05 11:10:29 +0300
Processing by ProductsController#edit as HTML
  Parameters: {"id"=>"1"}
  [1m[36mProduct Load (0.1ms)[0m  [1mSELECT "products".* FROM "products" WHERE "products"."id" = ? LIMIT 1[0m  [["id", "1"]]
  Rendered products/_form.html.erb (7.6ms)
  Rendered products/edit.html.erb within layouts/application (9.9ms)
Completed 200 OK in 23ms (Views: 20.7ms | ActiveRecord: 0.1ms)


Started GET "/products" for 127.0.0.1 at 2017-04-05 11:10:30 +0300
Processing by ProductsController#index as HTML
  [1m[35mProduct Load (0.1ms)[0m  SELECT "products".* FROM "products"
  Rendered products/index.html.erb within layouts/application (1.9ms)
Completed 200 OK in 12ms (Views: 9.7ms | ActiveRecord: 0.1ms)


Started DELETE "/products/1" for 127.0.0.1 at 2017-04-05 11:10:34 +0300
Processing by ProductsController#destroy as HTML
  Parameters: {"authenticity_token"=>"a/5NZtGqajJGt5oDmdY+GQEl9iF9DIx3TQKMjKzKfIQ=", "id"=>"1"}
  [1m[36mProduct Load (0.1ms)[0m  [1mSELECT "products".* FROM "products" WHERE "products"."id" = ? LIMIT 1[0m  [["id", "1"]]
  [1m[35m (0.1ms)[0m  begin transaction
  [1m[36mSQL (3.5ms)[0m  [1mDELETE FROM "products" WHERE "products"."id" = ?[0m  [["id", 1]]
  [1m[35m (1.2ms)[0m  commit transaction
Redirected to http://localhost:3000/products
Completed 302 Found in 9ms (ActiveRecord: 4.8ms)


Started GET "/products" for 127.0.0.1 at 2017-04-05 11:10:34 +0300
Processing by ProductsController#index as HTML
  [1m[36mProduct Load (0.1ms)[0m  [1mSELECT "products".* FROM "products"[0m
  Rendered products/index.html.erb within layouts/application (0.7ms)
Completed 200 OK in 5ms (Views: 4.0ms | ActiveRecord: 0.1ms)


Started GET "/assets/application.css?body=1" for 127.0.0.1 at 2017-04-05 11:10:34 +0300


Started GET "/assets/scaffolds.css?body=1" for 127.0.0.1 at 2017-04-05 11:10:34 +0300


Started GET "/assets/products.css?body=1" for 127.0.0.1 at 2017-04-05 11:10:34 +0300


Started GET "/products" for 127.0.0.1 at 2017-04-05 11:10:36 +0300
Processing by ProductsController#index as HTML
  [1m[35mProduct Load (0.1ms)[0m  SELECT "products".* FROM "products"
  Rendered products/index.html.erb within layouts/application (0.6ms)
Completed 200 OK in 4ms (Views: 3.3ms | ActiveRecord: 0.1ms)


Started GET "/assets/application.css?body=1" for 127.0.0.1 at 2017-04-05 11:10:36 +0300


Started GET "/assets/products.css?body=1" for 127.0.0.1 at 2017-04-05 11:10:36 +0300


Started GET "/assets/scaffolds.css?body=1" for 127.0.0.1 at 2017-04-05 11:10:36 +0300


Started GET "/" for 127.0.0.1 at 2017-04-06 11:17:56 +0300
  [1m[36mActiveRecord::SchemaMigration Load (0.4ms)[0m  [1mSELECT "schema_migrations".* FROM "schema_migrations"[0m
Processing by Rails::WelcomeController#index as HTML
  Rendered /Users/ExpFront/.rbenv/versions/2.1.0/lib/ruby/gems/2.1.0/gems/railties-4.0.13/lib/rails/templates/rails/welcome/index.html.erb (2.1ms)
Completed 200 OK in 21ms (Views: 9.7ms | ActiveRecord: 0.0ms)


Started GET "/products.html" for 127.0.0.1 at 2017-04-06 11:18:02 +0300
Processing by ProductsController#index as HTML
  [1m[35mProduct Load (0.4ms)[0m  SELECT "products".* FROM "products"
  Rendered products/index.html.erb within layouts/application (1.7ms)
Completed 200 OK in 44ms (Views: 41.2ms | ActiveRecord: 0.4ms)


Started GET "/assets/application.css?body=1" for 127.0.0.1 at 2017-04-06 11:18:02 +0300


Started GET "/assets/products.css?body=1" for 127.0.0.1 at 2017-04-06 11:18:02 +0300


Started GET "/assets/scaffolds.css?body=1" for 127.0.0.1 at 2017-04-06 11:18:02 +0300


Started GET "/assets/jquery.js?body=1" for 127.0.0.1 at 2017-04-06 11:18:02 +0300


Started GET "/assets/jquery_ujs.js?body=1" for 127.0.0.1 at 2017-04-06 11:18:02 +0300


Started GET "/assets/products.js?body=1" for 127.0.0.1 at 2017-04-06 11:18:02 +0300


Started GET "/assets/application.js?body=1" for 127.0.0.1 at 2017-04-06 11:18:02 +0300


Started GET "/assets/turbolinks.js?body=1" for 127.0.0.1 at 2017-04-06 11:18:02 +0300


Started GET "/products/new" for 127.0.0.1 at 2017-04-06 11:18:06 +0300
Processing by ProductsController#new as HTML
  Rendered products/_form.html.erb (32.3ms)
  Rendered products/new.html.erb within layouts/application (40.4ms)
Completed 200 OK in 48ms (Views: 44.9ms | ActiveRecord: 0.6ms)


Started POST "/products" for 127.0.0.1 at 2017-04-06 11:18:08 +0300
Processing by ProductsController#create as HTML
  Parameters: {"utf8"=>"✓", "authenticity_token"=>"a/5NZtGqajJGt5oDmdY+GQEl9iF9DIx3TQKMjKzKfIQ=", "product"=>{"title"=>"sdaD", "description"=>"Sadsd", "image_url"=>"", "price"=>""}, "commit"=>"Create Product"}
  [1m[36m (0.1ms)[0m  [1mbegin transaction[0m
  [1m[35mSQL (5.2ms)[0m  INSERT INTO "products" ("created_at", "description", "image_url", "title", "updated_at") VALUES (?, ?, ?, ?, ?)  [["created_at", Thu, 06 Apr 2017 08:18:08 UTC +00:00], ["description", "Sadsd"], ["image_url", ""], ["title", "sdaD"], ["updated_at", Thu, 06 Apr 2017 08:18:08 UTC +00:00]]
  [1m[36m (0.8ms)[0m  [1mcommit transaction[0m
Redirected to http://localhost:3000/products/2
Completed 302 Found in 10ms (ActiveRecord: 6.1ms)


Started GET "/products/2" for 127.0.0.1 at 2017-04-06 11:18:08 +0300
Processing by ProductsController#show as HTML
  Parameters: {"id"=>"2"}
  [1m[35mProduct Load (0.2ms)[0m  SELECT "products".* FROM "products" WHERE "products"."id" = ? LIMIT 1  [["id", "2"]]
  Rendered products/show.html.erb within layouts/application (0.9ms)
Completed 200 OK in 7ms (Views: 4.7ms | ActiveRecord: 0.2ms)


Started GET "/assets/application.css?body=1" for 127.0.0.1 at 2017-04-06 11:18:08 +0300


Started GET "/assets/products.css?body=1" for 127.0.0.1 at 2017-04-06 11:18:08 +0300


Started GET "/assets/scaffolds.css?body=1" for 127.0.0.1 at 2017-04-06 11:18:08 +0300


Started GET "/assets/jquery.js?body=1" for 127.0.0.1 at 2017-04-06 11:18:09 +0300


Started GET "/assets/jquery_ujs.js?body=1" for 127.0.0.1 at 2017-04-06 11:18:09 +0300


Started GET "/assets/turbolinks.js?body=1" for 127.0.0.1 at 2017-04-06 11:18:09 +0300


Started GET "/products/2/edit" for 127.0.0.1 at 2017-04-06 11:18:11 +0300
Processing by ProductsController#edit as HTML
  Parameters: {"id"=>"2"}
  [1m[36mProduct Load (0.2ms)[0m  [1mSELECT "products".* FROM "products" WHERE "products"."id" = ? LIMIT 1[0m  [["id", "2"]]
  Rendered products/_form.html.erb (4.6ms)
  Rendered products/edit.html.erb within layouts/application (6.4ms)
Completed 200 OK in 20ms (Views: 16.3ms | ActiveRecord: 0.2ms)


Started GET "/products" for 127.0.0.1 at 2017-04-06 11:18:12 +0300
Processing by ProductsController#index as HTML
  [1m[35mProduct Load (0.2ms)[0m  SELECT "products".* FROM "products"
  Rendered products/index.html.erb within layouts/application (1.8ms)
Completed 200 OK in 10ms (Views: 8.2ms | ActiveRecord: 0.2ms)


Started DELETE "/products/2" for 127.0.0.1 at 2017-04-06 11:18:18 +0300
Processing by ProductsController#destroy as HTML
  Parameters: {"authenticity_token"=>"a/5NZtGqajJGt5oDmdY+GQEl9iF9DIx3TQKMjKzKfIQ=", "id"=>"2"}
  [1m[36mProduct Load (0.1ms)[0m  [1mSELECT "products".* FROM "products" WHERE "products"."id" = ? LIMIT 1[0m  [["id", "2"]]
  [1m[35m (0.1ms)[0m  begin transaction
  [1m[36mSQL (0.8ms)[0m  [1mDELETE FROM "products" WHERE "products"."id" = ?[0m  [["id", 2]]
  [1m[35m (1.8ms)[0m  commit transaction
Redirected to http://localhost:3000/products
Completed 302 Found in 9ms (ActiveRecord: 2.9ms)


Started GET "/products" for 127.0.0.1 at 2017-04-06 11:18:18 +0300
Processing by ProductsController#index as HTML
  [1m[36mProduct Load (0.1ms)[0m  [1mSELECT "products".* FROM "products"[0m
  Rendered products/index.html.erb within layouts/application (0.6ms)
Completed 200 OK in 4ms (Views: 3.4ms | ActiveRecord: 0.1ms)


Started GET "/assets/products.css?body=1" for 127.0.0.1 at 2017-04-06 11:18:18 +0300


Started GET "/assets/application.css?body=1" for 127.0.0.1 at 2017-04-06 11:18:18 +0300


Started GET "/assets/scaffolds.css?body=1" for 127.0.0.1 at 2017-04-06 11:18:18 +0300


Started GET "/assets/jquery.js?body=1" for 127.0.0.1 at 2017-04-06 11:18:18 +0300


Started GET "/assets/turbolinks.js?body=1" for 127.0.0.1 at 2017-04-06 11:18:18 +0300


Started GET "/assets/jquery_ujs.js?body=1" for 127.0.0.1 at 2017-04-06 11:18:18 +0300


Started GET "/products" for 127.0.0.1 at 2017-04-06 11:19:26 +0300
Processing by ProductsController#index as HTML
  [1m[35mProduct Load (0.2ms)[0m  SELECT "products".* FROM "products"
  Rendered products/index.html.erb within layouts/application (1.0ms)
Completed 200 OK in 5ms (Views: 4.4ms | ActiveRecord: 0.2ms)


Started GET "/assets/application.css?body=1" for 127.0.0.1 at 2017-04-06 11:19:26 +0300


Started GET "/assets/products.css?body=1" for 127.0.0.1 at 2017-04-06 11:19:26 +0300


Started GET "/assets/jquery.js?body=1" for 127.0.0.1 at 2017-04-06 11:19:26 +0300


Started GET "/assets/jquery_ujs.js?body=1" for 127.0.0.1 at 2017-04-06 11:19:26 +0300


Started GET "/assets/turbolinks.js?body=1" for 127.0.0.1 at 2017-04-06 11:19:26 +0300


Started GET "/assets/scaffolds.css?body=1" for 127.0.0.1 at 2017-04-06 11:19:26 +0300


Started GET "/products/new" for 127.0.0.1 at 2017-04-06 11:19:27 +0300
Processing by ProductsController#new as HTML
  Rendered products/_form.html.erb (4.4ms)
  Rendered products/new.html.erb within layouts/application (5.2ms)
Completed 200 OK in 20ms (Views: 18.6ms | ActiveRecord: 0.0ms)


Started POST "/products" for 127.0.0.1 at 2017-04-06 11:19:57 +0300
Processing by ProductsController#create as HTML
  Parameters: {"utf8"=>"✓", "authenticity_token"=>"a/5NZtGqajJGt5oDmdY+GQEl9iF9DIx3TQKMjKzKfIQ=", "product"=>{"title"=>"Hohoh", "description"=>"asdfjasfjklsdjfsadljfklsdfjdskfkldslkfjkldsajfjsdkfjalkdsjflkasdlfjlskdjkfjksdkflsadklfjalkdsjfksadklflkdsklfjsadklfjlskdfsdf", "image_url"=>"", "price"=>"200"}, "commit"=>"Create Product"}
  [1m[36m (0.1ms)[0m  [1mbegin transaction[0m
  [1m[35mSQL (1.9ms)[0m  INSERT INTO "products" ("created_at", "description", "image_url", "price", "title", "updated_at") VALUES (?, ?, ?, ?, ?, ?)  [["created_at", Thu, 06 Apr 2017 08:19:57 UTC +00:00], ["description", "asdfjasfjklsdjfsadljfklsdfjdskfkldslkfjkldsajfjsdkfjalkdsjflkasdlfjlskdjkfjksdkflsadklfjalkdsjfksadklflkdsklfjsadklfjlskdfsdf"], ["image_url", ""], ["price", #<BigDecimal:7fda284d8438,'0.2E3',9(18)>], ["title", "Hohoh"], ["updated_at", Thu, 06 Apr 2017 08:19:57 UTC +00:00]]
  [1m[36m (0.9ms)[0m  [1mcommit transaction[0m
Redirected to http://localhost:3000/products/3
Completed 302 Found in 6ms (ActiveRecord: 2.9ms)


Started GET "/products/3" for 127.0.0.1 at 2017-04-06 11:19:57 +0300
Processing by ProductsController#show as HTML
  Parameters: {"id"=>"3"}
  [1m[35mProduct Load (0.1ms)[0m  SELECT "products".* FROM "products" WHERE "products"."id" = ? LIMIT 1  [["id", "3"]]
  Rendered products/show.html.erb within layouts/application (0.4ms)
Completed 200 OK in 6ms (Views: 4.7ms | ActiveRecord: 0.1ms)


Started GET "/assets/application.css?body=1" for 127.0.0.1 at 2017-04-06 11:19:57 +0300


Started GET "/assets/products.css?body=1" for 127.0.0.1 at 2017-04-06 11:19:57 +0300


Started GET "/assets/scaffolds.css?body=1" for 127.0.0.1 at 2017-04-06 11:19:57 +0300


Started GET "/assets/jquery.js?body=1" for 127.0.0.1 at 2017-04-06 11:19:57 +0300


Started GET "/assets/turbolinks.js?body=1" for 127.0.0.1 at 2017-04-06 11:19:57 +0300


Started GET "/assets/jquery_ujs.js?body=1" for 127.0.0.1 at 2017-04-06 11:19:57 +0300


Started GET "/products" for 127.0.0.1 at 2017-04-06 11:20:00 +0300
Processing by ProductsController#index as HTML
  [1m[36mProduct Load (0.2ms)[0m  [1mSELECT "products".* FROM "products"[0m
  Rendered products/index.html.erb within layouts/application (3.3ms)
Completed 200 OK in 19ms (Views: 17.6ms | ActiveRecord: 0.2ms)


Started GET "/products/3" for 127.0.0.1 at 2017-04-06 11:20:04 +0300
Processing by ProductsController#show as HTML
  Parameters: {"id"=>"3"}
  [1m[35mProduct Load (0.1ms)[0m  SELECT "products".* FROM "products" WHERE "products"."id" = ? LIMIT 1  [["id", "3"]]
  Rendered products/show.html.erb within layouts/application (0.4ms)
Completed 200 OK in 7ms (Views: 5.7ms | ActiveRecord: 0.1ms)


Started GET "/products" for 127.0.0.1 at 2017-04-06 11:20:06 +0300
Processing by ProductsController#index as HTML
  [1m[36mProduct Load (0.2ms)[0m  [1mSELECT "products".* FROM "products"[0m
  Rendered products/index.html.erb within layouts/application (1.7ms)
Completed 200 OK in 9ms (Views: 8.4ms | ActiveRecord: 0.2ms)


Started GET "/products/3" for 127.0.0.1 at 2017-04-06 11:20:07 +0300
Processing by ProductsController#show as HTML
  Parameters: {"id"=>"3"}
  [1m[35mProduct Load (0.1ms)[0m  SELECT "products".* FROM "products" WHERE "products"."id" = ? LIMIT 1  [["id", "3"]]
  Rendered products/show.html.erb within layouts/application (0.7ms)
Completed 200 OK in 10ms (Views: 8.5ms | ActiveRecord: 0.1ms)


Started GET "/products/3" for 127.0.0.1 at 2017-04-06 11:26:55 +0300
  [1m[36mActiveRecord::SchemaMigration Load (0.4ms)[0m  [1mSELECT "schema_migrations".* FROM "schema_migrations"[0m
Processing by ProductsController#show as HTML
  Parameters: {"id"=>"3"}
  [1m[35mProduct Load (0.6ms)[0m  SELECT "products".* FROM "products" WHERE "products"."id" = ? LIMIT 1  [["id", "3"]]
  Rendered products/show.html.erb within layouts/application (2.2ms)
Completed 200 OK in 84ms (Views: 68.7ms | ActiveRecord: 0.8ms)


Started GET "/assets/products.css?body=1" for 127.0.0.1 at 2017-04-06 11:26:55 +0300


Started GET "/assets/scaffolds.css?body=1" for 127.0.0.1 at 2017-04-06 11:26:55 +0300


Started GET "/assets/application.css?body=1" for 127.0.0.1 at 2017-04-06 11:26:55 +0300


Started GET "/assets/jquery.js?body=1" for 127.0.0.1 at 2017-04-06 11:26:55 +0300


Started GET "/assets/jquery_ujs.js?body=1" for 127.0.0.1 at 2017-04-06 11:26:55 +0300


Started GET "/assets/turbolinks.js?body=1" for 127.0.0.1 at 2017-04-06 11:26:55 +0300


Started GET "/products/3" for 127.0.0.1 at 2017-04-06 11:26:57 +0300
Processing by ProductsController#show as HTML
  Parameters: {"id"=>"3"}
  [1m[36mProduct Load (0.1ms)[0m  [1mSELECT "products".* FROM "products" WHERE "products"."id" = ? LIMIT 1[0m  [["id", "3"]]
  Rendered products/show.html.erb within layouts/application (0.4ms)
Completed 200 OK in 6ms (Views: 4.2ms | ActiveRecord: 0.1ms)


Started GET "/assets/application.css?body=1" for 127.0.0.1 at 2017-04-06 11:26:57 +0300


Started GET "/assets/products.css?body=1" for 127.0.0.1 at 2017-04-06 11:26:57 +0300


Started GET "/assets/turbolinks.js?body=1" for 127.0.0.1 at 2017-04-06 11:26:57 +0300


Started GET "/assets/scaffolds.css?body=1" for 127.0.0.1 at 2017-04-06 11:26:57 +0300


Started GET "/assets/jquery_ujs.js?body=1" for 127.0.0.1 at 2017-04-06 11:26:57 +0300


Started GET "/assets/jquery.js?body=1" for 127.0.0.1 at 2017-04-06 11:26:57 +0300


Started GET "/assets/products.js?body=1" for 127.0.0.1 at 2017-04-06 11:26:57 +0300


Started GET "/assets/application.js?body=1" for 127.0.0.1 at 2017-04-06 11:26:57 +0300


Started GET "/products" for 127.0.0.1 at 2017-04-06 11:26:59 +0300
Processing by ProductsController#index as HTML
  [1m[35mProduct Load (0.2ms)[0m  SELECT "products".* FROM "products"
  Rendered products/index.html.erb within layouts/application (3.3ms)
Completed 200 OK in 13ms (Views: 11.5ms | ActiveRecord: 0.2ms)


Started GET "/products" for 127.0.0.1 at 2017-04-06 11:27:08 +0300
Processing by ProductsController#index as HTML
  [1m[36mProduct Load (0.2ms)[0m  [1mSELECT "products".* FROM "products"[0m
  Rendered products/index.html.erb within layouts/application (3.5ms)
Completed 200 OK in 8ms (Views: 7.4ms | ActiveRecord: 0.2ms)


Started GET "/assets/application.css?body=1" for 127.0.0.1 at 2017-04-06 11:27:08 +0300


Started GET "/assets/scaffolds.css?body=1" for 127.0.0.1 at 2017-04-06 11:27:08 +0300


Started GET "/assets/jquery_ujs.js?body=1" for 127.0.0.1 at 2017-04-06 11:27:08 +0300


Started GET "/assets/products.js?body=1" for 127.0.0.1 at 2017-04-06 11:27:08 +0300


Started GET "/assets/application.js?body=1" for 127.0.0.1 at 2017-04-06 11:27:08 +0300


Started GET "/assets/jquery.js?body=1" for 127.0.0.1 at 2017-04-06 11:27:08 +0300


Started GET "/assets/products.css?body=1" for 127.0.0.1 at 2017-04-06 11:27:08 +0300


Started GET "/assets/turbolinks.js?body=1" for 127.0.0.1 at 2017-04-06 11:27:08 +0300


Started GET "/products" for 127.0.0.1 at 2017-04-06 11:27:09 +0300
Processing by ProductsController#index as HTML
  [1m[35mProduct Load (0.1ms)[0m  SELECT "products".* FROM "products"
  Rendered products/index.html.erb within layouts/application (1.0ms)
Completed 200 OK in 5ms (Views: 4.0ms | ActiveRecord: 0.1ms)


Started DELETE "/products/3" for 127.0.0.1 at 2017-04-06 11:27:12 +0300
Processing by ProductsController#destroy as HTML
  Parameters: {"authenticity_token"=>"a/5NZtGqajJGt5oDmdY+GQEl9iF9DIx3TQKMjKzKfIQ=", "id"=>"3"}
  [1m[36mProduct Load (0.2ms)[0m  [1mSELECT "products".* FROM "products" WHERE "products"."id" = ? LIMIT 1[0m  [["id", "3"]]
  [1m[35m (0.1ms)[0m  begin transaction
  [1m[36mSQL (7.6ms)[0m  [1mDELETE FROM "products" WHERE "products"."id" = ?[0m  [["id", 3]]
  [1m[35m (0.9ms)[0m  commit transaction
Redirected to http://localhost:3000/products
Completed 302 Found in 14ms (ActiveRecord: 8.8ms)


Started GET "/products" for 127.0.0.1 at 2017-04-06 11:27:12 +0300
Processing by ProductsController#index as HTML
  [1m[36mProduct Load (0.1ms)[0m  [1mSELECT "products".* FROM "products"[0m
  Rendered products/index.html.erb within layouts/application (0.6ms)
Completed 200 OK in 4ms (Views: 3.6ms | ActiveRecord: 0.1ms)


Started GET "/assets/application.css?body=1" for 127.0.0.1 at 2017-04-06 11:27:13 +0300


Started GET "/assets/products.css?body=1" for 127.0.0.1 at 2017-04-06 11:27:13 +0300


Started GET "/products" for 127.0.0.1 at 2017-04-06 11:27:20 +0300
  [1m[36mActiveRecord::SchemaMigration Load (0.1ms)[0m  [1mSELECT "schema_migrations".* FROM "schema_migrations"[0m
Processing by ProductsController#index as HTML
  [1m[35mProduct Load (0.2ms)[0m  SELECT "products".* FROM "products"
  Rendered products/index.html.erb within layouts/application (2.7ms)
Completed 200 OK in 54ms (Views: 42.5ms | ActiveRecord: 0.2ms)


Started GET "/assets/application.css?body=1" for 127.0.0.1 at 2017-04-06 11:27:20 +0300


Started GET "/assets/jquery.js?body=1" for 127.0.0.1 at 2017-04-06 11:27:20 +0300


Started GET "/assets/jquery_ujs.js?body=1" for 127.0.0.1 at 2017-04-06 11:27:20 +0300


Started GET "/assets/products.css?body=1" for 127.0.0.1 at 2017-04-06 11:27:20 +0300


Started GET "/assets/scaffolds.css?body=1" for 127.0.0.1 at 2017-04-06 11:27:20 +0300


Started GET "/assets/turbolinks.js?body=1" for 127.0.0.1 at 2017-04-06 11:27:20 +0300


Started GET "/assets/products.js?body=1" for 127.0.0.1 at 2017-04-06 11:27:20 +0300


Started GET "/assets/application.js?body=1" for 127.0.0.1 at 2017-04-06 11:27:20 +0300


Started GET "/products" for 127.0.0.1 at 2017-04-06 11:27:44 +0300
Processing by ProductsController#index as HTML
  [1m[36mProduct Load (0.1ms)[0m  [1mSELECT "products".* FROM "products"[0m
  Rendered products/index.html.erb within layouts/application (0.7ms)
Completed 200 OK in 4ms (Views: 3.7ms | ActiveRecord: 0.1ms)


Started GET "/assets/application.css?body=1" for 127.0.0.1 at 2017-04-06 11:27:44 +0300


Started GET "/assets/products.css?body=1" for 127.0.0.1 at 2017-04-06 11:27:44 +0300


Started GET "/assets/scaffolds.css?body=1" for 127.0.0.1 at 2017-04-06 11:27:44 +0300


Started GET "/products/new" for 127.0.0.1 at 2017-04-06 11:27:47 +0300
Processing by ProductsController#new as HTML
  Rendered products/_form.html.erb (35.9ms)
  Rendered products/new.html.erb within layouts/application (46.0ms)
Completed 200 OK in 57ms (Views: 54.8ms | ActiveRecord: 0.4ms)


Started GET "/products" for 127.0.0.1 at 2017-04-06 11:27:48 +0300
Processing by ProductsController#index as HTML
  [1m[35mProduct Load (0.7ms)[0m  SELECT "products".* FROM "products"
  Rendered products/index.html.erb within layouts/application (1.6ms)
Completed 200 OK in 15ms (Views: 13.4ms | ActiveRecord: 0.7ms)


Started GET "/products" for 127.0.0.1 at 2017-04-06 11:28:09 +0300
Processing by ProductsController#index as HTML
  [1m[36mProduct Load (0.1ms)[0m  [1mSELECT "products".* FROM "products"[0m
  Rendered products/index.html.erb within layouts/application (0.5ms)
Completed 200 OK in 4ms (Views: 3.3ms | ActiveRecord: 0.1ms)


Started GET "/assets/application.css?body=1" for 127.0.0.1 at 2017-04-06 11:28:09 +0300


Started GET "/assets/scaffolds.css?body=1" for 127.0.0.1 at 2017-04-06 11:28:09 +0300


Started GET "/assets/jquery.js?body=1" for 127.0.0.1 at 2017-04-06 11:28:09 +0300


Started GET "/assets/jquery_ujs.js?body=1" for 127.0.0.1 at 2017-04-06 11:28:09 +0300


Started GET "/assets/turbolinks.js?body=1" for 127.0.0.1 at 2017-04-06 11:28:09 +0300


Started GET "/assets/products.css?body=1" for 127.0.0.1 at 2017-04-06 11:28:09 +0300


Started GET "/assets/application.js?body=1" for 127.0.0.1 at 2017-04-06 11:28:09 +0300


Started GET "/assets/products.js?body=1" for 127.0.0.1 at 2017-04-06 11:28:09 +0300


Started GET "/products" for 127.0.0.1 at 2017-04-06 11:28:10 +0300
Processing by ProductsController#index as HTML
  [1m[35mProduct Load (0.1ms)[0m  SELECT "products".* FROM "products"
  Rendered products/index.html.erb within layouts/application (0.5ms)
Completed 200 OK in 4ms (Views: 3.3ms | ActiveRecord: 0.1ms)


Started GET "/assets/application.css?body=1" for 127.0.0.1 at 2017-04-06 11:28:10 +0300


Started GET "/assets/scaffolds.css?body=1" for 127.0.0.1 at 2017-04-06 11:28:10 +0300


Started GET "/assets/products.css?body=1" for 127.0.0.1 at 2017-04-06 11:28:10 +0300


Started GET "/assets/jquery.js?body=1" for 127.0.0.1 at 2017-04-06 11:28:10 +0300


Started GET "/assets/turbolinks.js?body=1" for 127.0.0.1 at 2017-04-06 11:28:10 +0300


Started GET "/assets/jquery_ujs.js?body=1" for 127.0.0.1 at 2017-04-06 11:28:10 +0300


Started GET "/assets/products.js?body=1" for 127.0.0.1 at 2017-04-06 11:28:10 +0300


Started GET "/assets/application.js?body=1" for 127.0.0.1 at 2017-04-06 11:28:10 +0300
  [1m[36mActiveRecord::SchemaMigration Load (0.2ms)[0m  [1mSELECT "schema_migrations".* FROM "schema_migrations"[0m
  [1m[35mSQL (0.9ms)[0m  DELETE FROM "products"
  [1m[36m (0.1ms)[0m  [1mbegin transaction[0m
  [1m[35mSQL (4.2ms)[0m  INSERT INTO "products" ("created_at", "description", "image_url", "price", "title", "updated_at") VALUES (?, ?, ?, ?, ?, ?)  [["created_at", Thu, 06 Apr 2017 08:28:57 UTC +00:00], ["description", "<p>\n  Ruby is the fastest growing and most exciting dynamic language\n  out there. If you need to get working programs delivered fast,\n  you should add Ruby to your toolbox.\n  </p>"], ["image_url", "shirt.jpg"], ["price", #<BigDecimal:7fa429681f80,'0.4995E2',18(36)>], ["title", "Programming Ruby 1.9"], ["updated_at", Thu, 06 Apr 2017 08:28:57 UTC +00:00]]
  [1m[36m (0.7ms)[0m  [1mcommit transaction[0m


Started GET "/products" for 127.0.0.1 at 2017-04-06 11:29:05 +0300
  [1m[36mActiveRecord::SchemaMigration Load (0.1ms)[0m  [1mSELECT "schema_migrations".* FROM "schema_migrations"[0m
Processing by ProductsController#index as HTML
  [1m[35mProduct Load (0.2ms)[0m  SELECT "products".* FROM "products"
  Rendered products/index.html.erb within layouts/application (7.3ms)
Completed 200 OK in 63ms (Views: 52.9ms | ActiveRecord: 0.6ms)


Started GET "/assets/application.css?body=1" for 127.0.0.1 at 2017-04-06 11:29:05 +0300


Started GET "/assets/products.css?body=1" for 127.0.0.1 at 2017-04-06 11:29:05 +0300


Started GET "/assets/scaffolds.css?body=1" for 127.0.0.1 at 2017-04-06 11:29:05 +0300


Started GET "/products/4" for 127.0.0.1 at 2017-04-06 11:29:14 +0300
Processing by ProductsController#show as HTML
  Parameters: {"id"=>"4"}
  [1m[36mProduct Load (0.3ms)[0m  [1mSELECT "products".* FROM "products" WHERE "products"."id" = ? LIMIT 1[0m  [["id", "4"]]
  Rendered products/show.html.erb within layouts/application (1.9ms)
Completed 200 OK in 17ms (Views: 12.6ms | ActiveRecord: 0.3ms)


Started GET "/products/4" for 127.0.0.1 at 2017-04-06 11:31:20 +0300
Processing by ProductsController#show as HTML
  Parameters: {"id"=>"4"}
  [1m[35mProduct Load (0.1ms)[0m  SELECT "products".* FROM "products" WHERE "products"."id" = ? LIMIT 1  [["id", "4"]]
  Rendered products/show.html.erb within layouts/application (0.6ms)
Completed 500 Internal Server Error in 20ms

ActionView::Template::Error (Invalid CSS after "}": expected "}", was ""
  (in /Users/ExpFront/Documents/LearnRuby/depot/app/assets/stylesheets/products.css.scss:47)):
    2: <html>
    3: <head>
    4:   <title>Depot</title>
    5:   <%= stylesheet_link_tag    "application", media: "all", "data-turbolinks-track" => true %>
    6:   <%= javascript_include_tag "application", "data-turbolinks-track" => true %>
    7:   <%= csrf_meta_tags %>
    8: </head>
  app/assets/stylesheets/products.css.scss:47
  app/views/layouts/application.html.erb:5:in `_app_views_layouts_application_html_erb___3124878701540274867_70239148290580'


  Rendered /Users/ExpFront/.rbenv/versions/2.1.0/lib/ruby/gems/2.1.0/gems/actionpack-4.0.13/lib/action_dispatch/middleware/templates/rescues/_trace.erb (1.4ms)
  Rendered /Users/ExpFront/.rbenv/versions/2.1.0/lib/ruby/gems/2.1.0/gems/actionpack-4.0.13/lib/action_dispatch/middleware/templates/rescues/_request_and_response.erb (1.4ms)
  Rendered /Users/ExpFront/.rbenv/versions/2.1.0/lib/ruby/gems/2.1.0/gems/actionpack-4.0.13/lib/action_dispatch/middleware/templates/rescues/template_error.erb within rescues/layout (12.9ms)


Started GET "/products/4" for 127.0.0.1 at 2017-04-06 11:33:05 +0300
Processing by ProductsController#show as HTML
  Parameters: {"id"=>"4"}
  [1m[36mProduct Load (0.1ms)[0m  [1mSELECT "products".* FROM "products" WHERE "products"."id" = ? LIMIT 1[0m  [["id", "4"]]
  Rendered products/show.html.erb within layouts/application (0.4ms)
Completed 500 Internal Server Error in 11ms

ActionView::Template::Error (Invalid CSS after "}": expected "}", was ""
  (in /Users/ExpFront/Documents/LearnRuby/depot/app/assets/stylesheets/products.css.scss:47)):
    2: <html>
    3: <head>
    4:   <title>Depot</title>
    5:   <%= stylesheet_link_tag    "application", media: "all", "data-turbolinks-track" => true %>
    6:   <%= javascript_include_tag "application", "data-turbolinks-track" => true %>
    7:   <%= csrf_meta_tags %>
    8: 
  app/assets/stylesheets/products.css.scss:47
  app/views/layouts/application.html.erb:5:in `_app_views_layouts_application_html_erb___3124878701540274867_70239155595300'


  Rendered /Users/ExpFront/.rbenv/versions/2.1.0/lib/ruby/gems/2.1.0/gems/actionpack-4.0.13/lib/action_dispatch/middleware/templates/rescues/_trace.erb (1.2ms)
  Rendered /Users/ExpFront/.rbenv/versions/2.1.0/lib/ruby/gems/2.1.0/gems/actionpack-4.0.13/lib/action_dispatch/middleware/templates/rescues/_request_and_response.erb (1.1ms)
  Rendered /Users/ExpFront/.rbenv/versions/2.1.0/lib/ruby/gems/2.1.0/gems/actionpack-4.0.13/lib/action_dispatch/middleware/templates/rescues/template_error.erb within rescues/layout (9.8ms)


Started GET "/products/4" for 127.0.0.1 at 2017-04-06 11:33:43 +0300
Processing by ProductsController#show as HTML
  Parameters: {"id"=>"4"}
  [1m[35mProduct Load (0.1ms)[0m  SELECT "products".* FROM "products" WHERE "products"."id" = ? LIMIT 1  [["id", "4"]]
  Rendered products/show.html.erb within layouts/application (0.3ms)
Completed 500 Internal Server Error in 10ms

ActionView::Template::Error (Invalid CSS after "}": expected "}", was ""
  (in /Users/ExpFront/Documents/LearnRuby/depot/app/assets/stylesheets/products.css.scss:47)):
    2: <html>
    3: <head>
    4:   <title>Depot</title>
    5:   <%= stylesheet_link_tag    "application", media: "all", "data-turbolinks-track" => true %>
    6:   <%= javascript_include_tag "application", "data-turbolinks-track" => true %>
    7:   <%= csrf_meta_tags %>
    8: 
  app/assets/stylesheets/products.css.scss:47
  app/views/layouts/application.html.erb:5:in `_app_views_layouts_application_html_erb___3124878701540274867_70239155595300'


  Rendered /Users/ExpFront/.rbenv/versions/2.1.0/lib/ruby/gems/2.1.0/gems/actionpack-4.0.13/lib/action_dispatch/middleware/templates/rescues/_trace.erb (1.5ms)
  Rendered /Users/ExpFront/.rbenv/versions/2.1.0/lib/ruby/gems/2.1.0/gems/actionpack-4.0.13/lib/action_dispatch/middleware/templates/rescues/_request_and_response.erb (1.0ms)
  Rendered /Users/ExpFront/.rbenv/versions/2.1.0/lib/ruby/gems/2.1.0/gems/actionpack-4.0.13/lib/action_dispatch/middleware/templates/rescues/template_error.erb within rescues/layout (11.4ms)


Started GET "/products/4" for 127.0.0.1 at 2017-04-06 11:33:44 +0300
Processing by ProductsController#show as HTML
  Parameters: {"id"=>"4"}
  [1m[36mProduct Load (0.1ms)[0m  [1mSELECT "products".* FROM "products" WHERE "products"."id" = ? LIMIT 1[0m  [["id", "4"]]
  Rendered products/show.html.erb within layouts/application (0.4ms)
Completed 500 Internal Server Error in 9ms

ActionView::Template::Error (Invalid CSS after "}": expected "}", was ""
  (in /Users/ExpFront/Documents/LearnRuby/depot/app/assets/stylesheets/products.css.scss:47)):
    2: <html>
    3: <head>
    4:   <title>Depot</title>
    5:   <%= stylesheet_link_tag    "application", media: "all", "data-turbolinks-track" => true %>
    6:   <%= javascript_include_tag "application", "data-turbolinks-track" => true %>
    7:   <%= csrf_meta_tags %>
    8: 
  app/assets/stylesheets/products.css.scss:47
  app/views/layouts/application.html.erb:5:in `_app_views_layouts_application_html_erb___3124878701540274867_70239155595300'


  Rendered /Users/ExpFront/.rbenv/versions/2.1.0/lib/ruby/gems/2.1.0/gems/actionpack-4.0.13/lib/action_dispatch/middleware/templates/rescues/_trace.erb (1.7ms)
  Rendered /Users/ExpFront/.rbenv/versions/2.1.0/lib/ruby/gems/2.1.0/gems/actionpack-4.0.13/lib/action_dispatch/middleware/templates/rescues/_request_and_response.erb (1.0ms)
  Rendered /Users/ExpFront/.rbenv/versions/2.1.0/lib/ruby/gems/2.1.0/gems/actionpack-4.0.13/lib/action_dispatch/middleware/templates/rescues/template_error.erb within rescues/layout (11.2ms)


Started GET "/products/4" for 127.0.0.1 at 2017-04-06 11:33:44 +0300
Processing by ProductsController#show as HTML
  Parameters: {"id"=>"4"}
  [1m[35mProduct Load (0.1ms)[0m  SELECT "products".* FROM "products" WHERE "products"."id" = ? LIMIT 1  [["id", "4"]]
  Rendered products/show.html.erb within layouts/application (0.3ms)
Completed 500 Internal Server Error in 8ms

ActionView::Template::Error (Invalid CSS after "}": expected "}", was ""
  (in /Users/ExpFront/Documents/LearnRuby/depot/app/assets/stylesheets/products.css.scss:47)):
    2: <html>
    3: <head>
    4:   <title>Depot</title>
    5:   <%= stylesheet_link_tag    "application", media: "all", "data-turbolinks-track" => true %>
    6:   <%= javascript_include_tag "application", "data-turbolinks-track" => true %>
    7:   <%= csrf_meta_tags %>
    8: 
  app/assets/stylesheets/products.css.scss:47
  app/views/layouts/application.html.erb:5:in `_app_views_layouts_application_html_erb___3124878701540274867_70239155595300'


  Rendered /Users/ExpFront/.rbenv/versions/2.1.0/lib/ruby/gems/2.1.0/gems/actionpack-4.0.13/lib/action_dispatch/middleware/templates/rescues/_trace.erb (1.5ms)
  Rendered /Users/ExpFront/.rbenv/versions/2.1.0/lib/ruby/gems/2.1.0/gems/actionpack-4.0.13/lib/action_dispatch/middleware/templates/rescues/_request_and_response.erb (0.8ms)
  Rendered /Users/ExpFront/.rbenv/versions/2.1.0/lib/ruby/gems/2.1.0/gems/actionpack-4.0.13/lib/action_dispatch/middleware/templates/rescues/template_error.erb within rescues/layout (9.9ms)


Started GET "/products/4" for 127.0.0.1 at 2017-04-06 11:33:44 +0300
Processing by ProductsController#show as HTML
  Parameters: {"id"=>"4"}
  [1m[36mProduct Load (0.2ms)[0m  [1mSELECT "products".* FROM "products" WHERE "products"."id" = ? LIMIT 1[0m  [["id", "4"]]
  Rendered products/show.html.erb within layouts/application (0.7ms)
Completed 500 Internal Server Error in 17ms

ActionView::Template::Error (Invalid CSS after "}": expected "}", was ""
  (in /Users/ExpFront/Documents/LearnRuby/depot/app/assets/stylesheets/products.css.scss:47)):
    2: <html>
    3: <head>
    4:   <title>Depot</title>
    5:   <%= stylesheet_link_tag    "application", media: "all", "data-turbolinks-track" => true %>
    6:   <%= javascript_include_tag "application", "data-turbolinks-track" => true %>
    7:   <%= csrf_meta_tags %>
    8: 
  app/assets/stylesheets/products.css.scss:47
  app/views/layouts/application.html.erb:5:in `_app_views_layouts_application_html_erb___3124878701540274867_70239155595300'


  Rendered /Users/ExpFront/.rbenv/versions/2.1.0/lib/ruby/gems/2.1.0/gems/actionpack-4.0.13/lib/action_dispatch/middleware/templates/rescues/_trace.erb (1.1ms)
  Rendered /Users/ExpFront/.rbenv/versions/2.1.0/lib/ruby/gems/2.1.0/gems/actionpack-4.0.13/lib/action_dispatch/middleware/templates/rescues/_request_and_response.erb (0.9ms)
  Rendered /Users/ExpFront/.rbenv/versions/2.1.0/lib/ruby/gems/2.1.0/gems/actionpack-4.0.13/lib/action_dispatch/middleware/templates/rescues/template_error.erb within rescues/layout (8.7ms)


Started GET "/products/4" for 127.0.0.1 at 2017-04-06 11:33:59 +0300
Processing by ProductsController#show as HTML
  Parameters: {"id"=>"4"}
  [1m[35mProduct Load (0.1ms)[0m  SELECT "products".* FROM "products" WHERE "products"."id" = ? LIMIT 1  [["id", "4"]]
  Rendered products/show.html.erb within layouts/application (0.3ms)
Completed 500 Internal Server Error in 8ms

ActionView::Template::Error (Invalid CSS after "}": expected "}", was ""
  (in /Users/ExpFront/Documents/LearnRuby/depot/app/assets/stylesheets/products.css.scss:46)):
    2: <html>
    3: <head>
    4:   <title>Depot</title>
    5:   <%= stylesheet_link_tag    "application", media: "all", "data-turbolinks-track" => true %>
    6:   <%= javascript_include_tag "application", "data-turbolinks-track" => true %>
    7:   <%= csrf_meta_tags %>
    8: 
  app/assets/stylesheets/products.css.scss:46
  app/views/layouts/application.html.erb:5:in `_app_views_layouts_application_html_erb___3124878701540274867_70239155595300'


  Rendered /Users/ExpFront/.rbenv/versions/2.1.0/lib/ruby/gems/2.1.0/gems/actionpack-4.0.13/lib/action_dispatch/middleware/templates/rescues/_trace.erb (1.5ms)
  Rendered /Users/ExpFront/.rbenv/versions/2.1.0/lib/ruby/gems/2.1.0/gems/actionpack-4.0.13/lib/action_dispatch/middleware/templates/rescues/_request_and_response.erb (1.3ms)
  Rendered /Users/ExpFront/.rbenv/versions/2.1.0/lib/ruby/gems/2.1.0/gems/actionpack-4.0.13/lib/action_dispatch/middleware/templates/rescues/template_error.erb within rescues/layout (10.2ms)


Started GET "/products/4" for 127.0.0.1 at 2017-04-06 11:34:00 +0300
Processing by ProductsController#show as HTML
  Parameters: {"id"=>"4"}
  [1m[36mProduct Load (0.1ms)[0m  [1mSELECT "products".* FROM "products" WHERE "products"."id" = ? LIMIT 1[0m  [["id", "4"]]
  Rendered products/show.html.erb within layouts/application (0.3ms)
Completed 500 Internal Server Error in 9ms

ActionView::Template::Error (Invalid CSS after "}": expected "}", was ""
  (in /Users/ExpFront/Documents/LearnRuby/depot/app/assets/stylesheets/products.css.scss:46)):
    2: <html>
    3: <head>
    4:   <title>Depot</title>
    5:   <%= stylesheet_link_tag    "application", media: "all", "data-turbolinks-track" => true %>
    6:   <%= javascript_include_tag "application", "data-turbolinks-track" => true %>
    7:   <%= csrf_meta_tags %>
    8: 
  app/assets/stylesheets/products.css.scss:46
  app/views/layouts/application.html.erb:5:in `_app_views_layouts_application_html_erb___3124878701540274867_70239155595300'


  Rendered /Users/ExpFront/.rbenv/versions/2.1.0/lib/ruby/gems/2.1.0/gems/actionpack-4.0.13/lib/action_dispatch/middleware/templates/rescues/_trace.erb (1.1ms)
  Rendered /Users/ExpFront/.rbenv/versions/2.1.0/lib/ruby/gems/2.1.0/gems/actionpack-4.0.13/lib/action_dispatch/middleware/templates/rescues/_request_and_response.erb (0.8ms)
  Rendered /Users/ExpFront/.rbenv/versions/2.1.0/lib/ruby/gems/2.1.0/gems/actionpack-4.0.13/lib/action_dispatch/middleware/templates/rescues/template_error.erb within rescues/layout (8.8ms)


Started GET "/products/4" for 127.0.0.1 at 2017-04-06 11:34:40 +0300
Processing by ProductsController#show as HTML
  Parameters: {"id"=>"4"}
  [1m[35mProduct Load (0.1ms)[0m  SELECT "products".* FROM "products" WHERE "products"."id" = ? LIMIT 1  [["id", "4"]]
  Rendered products/show.html.erb within layouts/application (0.5ms)
Completed 200 OK in 24ms (Views: 22.6ms | ActiveRecord: 0.1ms)


Started GET "/assets/scaffolds.css?body=1" for 127.0.0.1 at 2017-04-06 11:34:40 +0300


Started GET "/assets/jquery.js?body=1" for 127.0.0.1 at 2017-04-06 11:34:40 +0300


Started GET "/assets/jquery_ujs.js?body=1" for 127.0.0.1 at 2017-04-06 11:34:40 +0300


Started GET "/assets/turbolinks.js?body=1" for 127.0.0.1 at 2017-04-06 11:34:40 +0300


Started GET "/assets/products.css?body=1" for 127.0.0.1 at 2017-04-06 11:34:40 +0300


Started GET "/assets/application.css?body=1" for 127.0.0.1 at 2017-04-06 11:34:40 +0300


Started GET "/assets/products.js?body=1" for 127.0.0.1 at 2017-04-06 11:34:40 +0300


Started GET "/assets/application.js?body=1" for 127.0.0.1 at 2017-04-06 11:34:40 +0300


Started GET "/products" for 127.0.0.1 at 2017-04-06 11:34:44 +0300
Processing by ProductsController#index as HTML
  [1m[36mProduct Load (0.8ms)[0m  [1mSELECT "products".* FROM "products"[0m
DEPRECATION WARNING: :confirm option is deprecated and will be removed from Rails 4.1. Use 'data: { confirm: 'Text' }' instead. (called from block in _app_views_products_index_html_erb___619439616987092298_70239161631560 at /Users/ExpFront/Documents/LearnRuby/depot/app/views/products/index.html.erb:18)
  Rendered products/index.html.erb within layouts/application (50.9ms)
Completed 200 OK in 57ms (Views: 54.0ms | ActiveRecord: 0.8ms)


Started GET "/images/shirt.jpg" for 127.0.0.1 at 2017-04-06 11:34:44 +0300

ActionController::RoutingError (No route matches [GET] "/images/shirt.jpg"):
  actionpack (4.0.13) lib/action_dispatch/middleware/debug_exceptions.rb:21:in `call'
  actionpack (4.0.13) lib/action_dispatch/middleware/show_exceptions.rb:30:in `call'
  railties (4.0.13) lib/rails/rack/logger.rb:38:in `call_app'
  railties (4.0.13) lib/rails/rack/logger.rb:20:in `block in call'
  activesupport (4.0.13) lib/active_support/tagged_logging.rb:68:in `block in tagged'
  activesupport (4.0.13) lib/active_support/tagged_logging.rb:26:in `tagged'
  activesupport (4.0.13) lib/active_support/tagged_logging.rb:68:in `tagged'
  railties (4.0.13) lib/rails/rack/logger.rb:20:in `call'
  actionpack (4.0.13) lib/action_dispatch/middleware/request_id.rb:21:in `call'
  rack (1.5.5) lib/rack/methodoverride.rb:21:in `call'
  rack (1.5.5) lib/rack/runtime.rb:17:in `call'
  activesupport (4.0.13) lib/active_support/cache/strategy/local_cache.rb:83:in `call'
  rack (1.5.5) lib/rack/lock.rb:17:in `call'
  actionpack (4.0.13) lib/action_dispatch/middleware/static.rb:84:in `call'
  rack (1.5.5) lib/rack/sendfile.rb:112:in `call'
  railties (4.0.13) lib/rails/engine.rb:511:in `call'
  railties (4.0.13) lib/rails/application.rb:97:in `call'
  rack (1.5.5) lib/rack/lock.rb:17:in `call'
  rack (1.5.5) lib/rack/content_length.rb:14:in `call'
  rack (1.5.5) lib/rack/handler/webrick.rb:60:in `service'
  /Users/ExpFront/.rbenv/versions/2.1.0/lib/ruby/2.1.0/webrick/httpserver.rb:138:in `service'
  /Users/ExpFront/.rbenv/versions/2.1.0/lib/ruby/2.1.0/webrick/httpserver.rb:94:in `run'
  /Users/ExpFront/.rbenv/versions/2.1.0/lib/ruby/2.1.0/webrick/server.rb:295:in `block in start_thread'


  Rendered /Users/ExpFront/.rbenv/versions/2.1.0/lib/ruby/gems/2.1.0/gems/actionpack-4.0.13/lib/action_dispatch/middleware/templates/rescues/_trace.erb (0.8ms)
  Rendered /Users/ExpFront/.rbenv/versions/2.1.0/lib/ruby/gems/2.1.0/gems/actionpack-4.0.13/lib/action_dispatch/middleware/templates/routes/_route.html.erb (0.9ms)
  Rendered /Users/ExpFront/.rbenv/versions/2.1.0/lib/ruby/gems/2.1.0/gems/actionpack-4.0.13/lib/action_dispatch/middleware/templates/routes/_table.html.erb (4.9ms)
  Rendered /Users/ExpFront/.rbenv/versions/2.1.0/lib/ruby/gems/2.1.0/gems/actionpack-4.0.13/lib/action_dispatch/middleware/templates/rescues/routing_error.erb within rescues/layout (32.0ms)
  [1m[36mActiveRecord::SchemaMigration Load (0.2ms)[0m  [1mSELECT "schema_migrations".* FROM "schema_migrations"[0m
  [1m[35mSQL (1.0ms)[0m  DELETE FROM "products"
  [1m[36m (0.1ms)[0m  [1mbegin transaction[0m
  [1m[35mSQL (3.2ms)[0m  INSERT INTO "products" ("created_at", "description", "image_url", "price", "title", "updated_at") VALUES (?, ?, ?, ?, ?, ?)  [["created_at", Thu, 06 Apr 2017 08:35:01 UTC +00:00], ["description", "<p>\n  Ruby is the fastest growing and most exciting dynamic language\n  out there. If you need to get working programs delivered fast,\n  you should add Ruby to your toolbox.\n  </p>"], ["image_url", "shirt.png"], ["price", #<BigDecimal:7f7f9d069f90,'0.4995E2',18(36)>], ["title", "Programming Ruby 1.9"], ["updated_at", Thu, 06 Apr 2017 08:35:01 UTC +00:00]]
  [1m[36m (0.8ms)[0m  [1mcommit transaction[0m


Started GET "/products" for 127.0.0.1 at 2017-04-06 11:35:07 +0300
  [1m[36mActiveRecord::SchemaMigration Load (0.1ms)[0m  [1mSELECT "schema_migrations".* FROM "schema_migrations"[0m
Processing by ProductsController#index as HTML
  [1m[35mProduct Load (0.1ms)[0m  SELECT "products".* FROM "products"
DEPRECATION WARNING: :confirm option is deprecated and will be removed from Rails 4.1. Use 'data: { confirm: 'Text' }' instead. (called from block in _app_views_products_index_html_erb___3272692108910067707_70358349524160 at /Users/ExpFront/Documents/LearnRuby/depot/app/views/products/index.html.erb:18)
  Rendered products/index.html.erb within layouts/application (22.4ms)
Completed 200 OK in 72ms (Views: 61.6ms | ActiveRecord: 0.4ms)


Started GET "/assets/scaffolds.css?body=1" for 127.0.0.1 at 2017-04-06 11:35:07 +0300


Started GET "/assets/products.css?body=1" for 127.0.0.1 at 2017-04-06 11:35:07 +0300


Started GET "/assets/turbolinks.js?body=1" for 127.0.0.1 at 2017-04-06 11:35:07 +0300


Started GET "/assets/jquery.js?body=1" for 127.0.0.1 at 2017-04-06 11:35:07 +0300


Started GET "/assets/application.js?body=1" for 127.0.0.1 at 2017-04-06 11:35:07 +0300


Started GET "/assets/jquery_ujs.js?body=1" for 127.0.0.1 at 2017-04-06 11:35:07 +0300


Started GET "/assets/application.css?body=1" for 127.0.0.1 at 2017-04-06 11:35:07 +0300


Started GET "/assets/products.js?body=1" for 127.0.0.1 at 2017-04-06 11:35:07 +0300


Started GET "/assets/shirt.png" for 127.0.0.1 at 2017-04-06 11:35:07 +0300


Started GET "/products" for 127.0.0.1 at 2017-04-06 11:53:29 +0300
Processing by ProductsController#index as HTML
  [1m[36mProduct Load (1.1ms)[0m  [1mSELECT "products".* FROM "products"[0m
DEPRECATION WARNING: :confirm option is deprecated and will be removed from Rails 4.1. Use 'data: { confirm: 'Text' }' instead. (called from block in _app_views_products_index_html_erb___3272692108910067707_70358349524160 at /Users/ExpFront/Documents/LearnRuby/depot/app/views/products/index.html.erb:18)
  Rendered products/index.html.erb within layouts/application (14.7ms)
Completed 200 OK in 37ms (Views: 30.1ms | ActiveRecord: 1.1ms)


Started GET "/assets/application.css?body=1" for 127.0.0.1 at 2017-04-06 11:53:29 +0300


Started GET "/assets/scaffolds.css?body=1" for 127.0.0.1 at 2017-04-06 11:53:29 +0300


Started GET "/assets/jquery.js?body=1" for 127.0.0.1 at 2017-04-06 11:53:29 +0300


Started GET "/assets/jquery_ujs.js?body=1" for 127.0.0.1 at 2017-04-06 11:53:29 +0300


Started GET "/assets/turbolinks.js?body=1" for 127.0.0.1 at 2017-04-06 11:53:29 +0300


Started GET "/assets/products.css?body=1" for 127.0.0.1 at 2017-04-06 11:53:29 +0300


Started GET "/assets/application.js?body=1" for 127.0.0.1 at 2017-04-06 11:53:29 +0300


Started GET "/assets/products.js?body=1" for 127.0.0.1 at 2017-04-06 11:53:29 +0300


Started GET "/assets/shirt.png" for 127.0.0.1 at 2017-04-06 11:53:29 +0300


Started GET "/products/5/edit" for 127.0.0.1 at 2017-04-06 11:53:31 +0300
Processing by ProductsController#edit as HTML
  Parameters: {"id"=>"5"}
  [1m[35mProduct Load (0.5ms)[0m  SELECT "products".* FROM "products" WHERE "products"."id" = ? LIMIT 1  [["id", "5"]]
  Rendered products/_form.html.erb (29.2ms)
  Rendered products/edit.html.erb within layouts/application (37.8ms)
Completed 200 OK in 71ms (Views: 42.2ms | ActiveRecord: 0.5ms)


Started GET "/products" for 127.0.0.1 at 2017-04-06 11:53:33 +0300
Processing by ProductsController#index as HTML
  [1m[36mProduct Load (0.3ms)[0m  [1mSELECT "products".* FROM "products"[0m
DEPRECATION WARNING: :confirm option is deprecated and will be removed from Rails 4.1. Use 'data: { confirm: 'Text' }' instead. (called from block in _app_views_products_index_html_erb___3272692108910067707_70358349524160 at /Users/ExpFront/Documents/LearnRuby/depot/app/views/products/index.html.erb:18)
  Rendered products/index.html.erb within layouts/application (7.0ms)
Completed 200 OK in 16ms (Views: 14.1ms | ActiveRecord: 0.3ms)


Started GET "/products" for 127.0.0.1 at 2017-04-06 11:59:25 +0300
Processing by ProductsController#index as HTML
  [1m[35mProduct Load (0.3ms)[0m  SELECT "products".* FROM "products"
DEPRECATION WARNING: :confirm option is deprecated and will be removed from Rails 4.1. Use 'data: { confirm: 'Text' }' instead. (called from block in _app_views_products_index_html_erb___3272692108910067707_70358349524160 at /Users/ExpFront/Documents/LearnRuby/depot/app/views/products/index.html.erb:18)
  Rendered products/index.html.erb within layouts/application (3.7ms)
Completed 200 OK in 14ms (Views: 12.9ms | ActiveRecord: 0.3ms)


Started GET "/assets/products.css?body=1" for 127.0.0.1 at 2017-04-06 11:59:25 +0300


Started GET "/assets/scaffolds.css?body=1" for 127.0.0.1 at 2017-04-06 11:59:25 +0300


Started GET "/assets/application.css?body=1" for 127.0.0.1 at 2017-04-06 11:59:25 +0300


Started GET "/" for 127.0.0.1 at 2017-04-06 12:11:45 +0300
Processing by Rails::WelcomeController#index as HTML
  Rendered /Users/ExpFront/.rbenv/versions/2.1.0/lib/ruby/gems/2.1.0/gems/railties-4.0.13/lib/rails/templates/rails/welcome/index.html.erb (3.6ms)
Completed 200 OK in 20ms (Views: 15.1ms | ActiveRecord: 0.0ms)


Started GET "/" for 127.0.0.1 at 2017-04-06 12:11:45 +0300
Processing by Rails::WelcomeController#index as HTML
  Rendered /Users/ExpFront/.rbenv/versions/2.1.0/lib/ruby/gems/2.1.0/gems/railties-4.0.13/lib/rails/templates/rails/welcome/index.html.erb (0.0ms)
Completed 200 OK in 2ms (Views: 1.5ms | ActiveRecord: 0.0ms)


Started GET "/" for 127.0.0.1 at 2017-04-08 14:44:30 +0300
  [1m[36mActiveRecord::SchemaMigration Load (0.3ms)[0m  [1mSELECT "schema_migrations".* FROM "schema_migrations"[0m
Processing by Rails::WelcomeController#index as HTML
  Rendered /Users/ExpFront/.rbenv/versions/2.1.0/lib/ruby/gems/2.1.0/gems/railties-4.0.13/lib/rails/templates/rails/welcome/index.html.erb (2.2ms)
Completed 200 OK in 24ms (Views: 14.1ms | ActiveRecord: 0.0ms)


Started GET "/" for 127.0.0.1 at 2017-04-08 14:44:30 +0300
Processing by Rails::WelcomeController#index as HTML
  Rendered /Users/ExpFront/.rbenv/versions/2.1.0/lib/ruby/gems/2.1.0/gems/railties-4.0.13/lib/rails/templates/rails/welcome/index.html.erb (0.1ms)
Completed 200 OK in 2ms (Views: 1.9ms | ActiveRecord: 0.0ms)


Started GET "/products.html" for 127.0.0.1 at 2017-04-08 14:44:34 +0300
Processing by ProductsController#index as HTML
  [1m[35mProduct Load (0.4ms)[0m  SELECT "products".* FROM "products"
DEPRECATION WARNING: :confirm option is deprecated and will be removed from Rails 4.1. Use 'data: { confirm: 'Text' }' instead. (called from block in _app_views_products_index_html_erb__2285717297731013217_70116913495240 at /Users/ExpFront/Documents/LearnRuby/depot/app/views/products/index.html.erb:18)
  Rendered products/index.html.erb within layouts/application (16.3ms)
Completed 200 OK in 61ms (Views: 58.1ms | ActiveRecord: 0.6ms)


Started GET "/assets/products.css?body=1" for 127.0.0.1 at 2017-04-08 14:44:34 +0300


Started GET "/assets/jquery_ujs.js?body=1" for 127.0.0.1 at 2017-04-08 14:44:34 +0300


Started GET "/assets/application.css?body=1" for 127.0.0.1 at 2017-04-08 14:44:34 +0300


Started GET "/assets/jquery.js?body=1" for 127.0.0.1 at 2017-04-08 14:44:34 +0300


Started GET "/assets/scaffolds.css?body=1" for 127.0.0.1 at 2017-04-08 14:44:34 +0300


Started GET "/assets/turbolinks.js?body=1" for 127.0.0.1 at 2017-04-08 14:44:34 +0300


Started GET "/assets/products.js?body=1" for 127.0.0.1 at 2017-04-08 14:44:34 +0300


Started GET "/assets/application.js?body=1" for 127.0.0.1 at 2017-04-08 14:44:34 +0300


Started GET "/assets/shirt.png" for 127.0.0.1 at 2017-04-08 14:44:34 +0300


Started GET "/products.html" for 127.0.0.1 at 2017-04-08 14:51:22 +0300
Processing by ProductsController#index as HTML
  [1m[36mProduct Load (1.1ms)[0m  [1mSELECT "products".* FROM "products"[0m
DEPRECATION WARNING: :confirm option is deprecated and will be removed from Rails 4.1. Use 'data: { confirm: 'Text' }' instead. (called from block in _app_views_products_index_html_erb__2285717297731013217_70116913495240 at /Users/ExpFront/Documents/LearnRuby/depot/app/views/products/index.html.erb:18)
  Rendered products/index.html.erb within layouts/application (21.8ms)
Completed 200 OK in 42ms (Views: 30.6ms | ActiveRecord: 1.5ms)


Started GET "/products/5/edit" for 127.0.0.1 at 2017-04-08 14:51:24 +0300
Processing by ProductsController#edit as HTML
  Parameters: {"id"=>"5"}
  [1m[35mProduct Load (0.5ms)[0m  SELECT "products".* FROM "products" WHERE "products"."id" = ? LIMIT 1  [["id", "5"]]
  Rendered products/_form.html.erb (30.1ms)
  Rendered products/edit.html.erb within layouts/application (46.3ms)
Completed 200 OK in 76ms (Views: 51.8ms | ActiveRecord: 0.5ms)


Started PATCH "/products/5" for 127.0.0.1 at 2017-04-08 14:51:27 +0300
Processing by ProductsController#update as HTML
  Parameters: {"utf8"=>"✓", "authenticity_token"=>"a/5NZtGqajJGt5oDmdY+GQEl9iF9DIx3TQKMjKzKfIQ=", "product"=>{"title"=>"Programming Ruby 1.9", "description"=>"<p>\r\n  Ruby is the fastest growing and most exciting dynamic language\r\n  out there. If you need to get working programs delivered fast,\r\n  you should add Ruby to your toolbox.\r\n  </p>", "image_url"=>"", "price"=>"49.95"}, "commit"=>"Update Product", "id"=>"5"}
  [1m[36mProduct Load (0.1ms)[0m  [1mSELECT "products".* FROM "products" WHERE "products"."id" = ? LIMIT 1[0m  [["id", "5"]]
  [1m[35m (0.1ms)[0m  begin transaction
  [1m[36m (0.1ms)[0m  [1mrollback transaction[0m
  Rendered products/_form.html.erb (3.4ms)
  Rendered products/edit.html.erb within layouts/application (4.9ms)
Completed 200 OK in 15ms (Views: 9.3ms | ActiveRecord: 0.3ms)


Started GET "/assets/application.css?body=1" for 127.0.0.1 at 2017-04-08 14:51:27 +0300


Started GET "/assets/application.css?body=1" for 127.0.0.1 at 2017-04-08 14:51:35 +0300


Started GET "/products/5" for 127.0.0.1 at 2017-04-08 14:56:59 +0300
Processing by ProductsController#show as HTML
  Parameters: {"id"=>"5"}
  [1m[35mProduct Load (0.8ms)[0m  SELECT "products".* FROM "products" WHERE "products"."id" = ? LIMIT 1  [["id", "5"]]
  Rendered products/show.html.erb within layouts/application (1.8ms)
Completed 200 OK in 17ms (Views: 7.3ms | ActiveRecord: 1.3ms)


Started GET "/assets/application.css?body=1" for 127.0.0.1 at 2017-04-08 14:56:59 +0300


Started GET "/products/5/edit" for 127.0.0.1 at 2017-04-08 14:57:01 +0300
Processing by ProductsController#edit as HTML
  Parameters: {"id"=>"5"}
  [1m[36mProduct Load (0.3ms)[0m  [1mSELECT "products".* FROM "products" WHERE "products"."id" = ? LIMIT 1[0m  [["id", "5"]]
  Rendered products/_form.html.erb (24.8ms)
  Rendered products/edit.html.erb within layouts/application (26.4ms)
Completed 200 OK in 43ms (Views: 40.1ms | ActiveRecord: 0.3ms)


Started PATCH "/products/5" for 127.0.0.1 at 2017-04-08 14:57:03 +0300
Processing by ProductsController#update as HTML
  Parameters: {"utf8"=>"✓", "authenticity_token"=>"a/5NZtGqajJGt5oDmdY+GQEl9iF9DIx3TQKMjKzKfIQ=", "product"=>{"title"=>"Programming Ruby 1.9", "description"=>"<p>\r\n  Ruby is the fastest growing and most exciting dynamic language\r\n  out there. If you need to get working programs delivered fast,\r\n  you should add Ruby to your toolbox.\r\n  </p>", "image_url"=>"shirt.png", "price"=>"49.95"}, "commit"=>"Update Product", "id"=>"5"}
  [1m[35mProduct Load (0.1ms)[0m  SELECT "products".* FROM "products" WHERE "products"."id" = ? LIMIT 1  [["id", "5"]]
  [1m[36m (0.1ms)[0m  [1mbegin transaction[0m
  [1m[35mProduct Exists (0.2ms)[0m  SELECT 1 AS one FROM "products" WHERE ("products"."title" = 'Programming Ruby 1.9' AND "products"."id" != 5) LIMIT 1
  [1m[36mSQL (8.2ms)[0m  [1mUPDATE "products" SET "description" = ?, "updated_at" = ? WHERE "products"."id" = 5[0m  [["description", "<p>\r\n  Ruby is the fastest growing and most exciting dynamic language\r\n  out there. If you need to get working programs delivered fast,\r\n  you should add Ruby to your toolbox.\r\n  </p>"], ["updated_at", Sat, 08 Apr 2017 11:57:03 UTC +00:00]]
  [1m[35m (0.9ms)[0m  commit transaction
Redirected to http://localhost:3000/products/5
Completed 302 Found in 29ms (ActiveRecord: 9.5ms)


Started GET "/products/5" for 127.0.0.1 at 2017-04-08 14:57:03 +0300
Processing by ProductsController#show as HTML
  Parameters: {"id"=>"5"}
  [1m[36mProduct Load (0.1ms)[0m  [1mSELECT "products".* FROM "products" WHERE "products"."id" = ? LIMIT 1[0m  [["id", "5"]]
  Rendered products/show.html.erb within layouts/application (0.6ms)
Completed 200 OK in 8ms (Views: 5.6ms | ActiveRecord: 0.1ms)


Started GET "/assets/application.css?body=1" for 127.0.0.1 at 2017-04-08 14:57:03 +0300


Started GET "/products" for 127.0.0.1 at 2017-04-08 14:57:05 +0300
Processing by ProductsController#index as HTML
  [1m[35mProduct Load (0.2ms)[0m  SELECT "products".* FROM "products"
DEPRECATION WARNING: :confirm option is deprecated and will be removed from Rails 4.1. Use 'data: { confirm: 'Text' }' instead. (called from block in _app_views_products_index_html_erb__2285717297731013217_70116913495240 at /Users/ExpFront/Documents/LearnRuby/depot/app/views/products/index.html.erb:18)
  Rendered products/index.html.erb within layouts/application (8.7ms)
Completed 200 OK in 34ms (Views: 30.3ms | ActiveRecord: 0.2ms)


Started GET "/assets/shirt.png" for 127.0.0.1 at 2017-04-08 14:57:05 +0300


Started GET "/products/new" for 127.0.0.1 at 2017-04-08 14:57:06 +0300
Processing by ProductsController#new as HTML
  Rendered products/_form.html.erb (9.1ms)
  Rendered products/new.html.erb within layouts/application (12.4ms)
Completed 200 OK in 28ms (Views: 26.5ms | ActiveRecord: 0.0ms)


Started POST "/products" for 127.0.0.1 at 2017-04-08 14:57:09 +0300
Processing by ProductsController#create as HTML
  Parameters: {"utf8"=>"✓", "authenticity_token"=>"a/5NZtGqajJGt5oDmdY+GQEl9iF9DIx3TQKMjKzKfIQ=", "product"=>{"title"=>"Programming Ruby 1.9", "description"=>"", "image_url"=>"", "price"=>""}, "commit"=>"Create Product"}
  [1m[36m (0.1ms)[0m  [1mbegin transaction[0m
  [1m[35mProduct Exists (0.1ms)[0m  SELECT 1 AS one FROM "products" WHERE "products"."title" = 'Programming Ruby 1.9' LIMIT 1
  [1m[36m (0.1ms)[0m  [1mrollback transaction[0m
  Rendered products/_form.html.erb (5.2ms)
  Rendered products/new.html.erb within layouts/application (6.7ms)
Completed 200 OK in 26ms (Views: 21.1ms | ActiveRecord: 0.3ms)


Started GET "/assets/application.css?body=1" for 127.0.0.1 at 2017-04-08 14:57:09 +0300


Started GET "/products" for 127.0.0.1 at 2017-04-08 14:59:59 +0300
Processing by ProductsController#index as HTML
Completed 500 Internal Server Error in 7ms

ArgumentError (The provided regular expression is using multiline anchors (^ or $), which may present a security risk. Did you mean to use \A and \z, or forgot to add the :multiline => true option?):
  app/models/product.rb:4:in `<class:Product>'
  app/models/product.rb:1:in `<top (required)>'
  app/controllers/products_controller.rb:7:in `index'


  Rendered /Users/ExpFront/.rbenv/versions/2.1.0/lib/ruby/gems/2.1.0/gems/actionpack-4.0.13/lib/action_dispatch/middleware/templates/rescues/_source.erb (0.8ms)
  Rendered /Users/ExpFront/.rbenv/versions/2.1.0/lib/ruby/gems/2.1.0/gems/actionpack-4.0.13/lib/action_dispatch/middleware/templates/rescues/_trace.erb (1.4ms)
  Rendered /Users/ExpFront/.rbenv/versions/2.1.0/lib/ruby/gems/2.1.0/gems/actionpack-4.0.13/lib/action_dispatch/middleware/templates/rescues/_request_and_response.erb (2.0ms)
  Rendered /Users/ExpFront/.rbenv/versions/2.1.0/lib/ruby/gems/2.1.0/gems/actionpack-4.0.13/lib/action_dispatch/middleware/templates/rescues/diagnostics.erb within rescues/layout (18.5ms)


Started GET "/products" for 127.0.0.1 at 2017-04-08 15:01:10 +0300
Processing by ProductsController#index as HTML
  [1m[35mProduct Load (1.1ms)[0m  SELECT "products".* FROM "products"
DEPRECATION WARNING: :confirm option is deprecated and will be removed from Rails 4.1. Use 'data: { confirm: 'Text' }' instead. (called from block in _app_views_products_index_html_erb__2285717297731013217_70116913495240 at /Users/ExpFront/Documents/LearnRuby/depot/app/views/products/index.html.erb:18)
  Rendered products/index.html.erb within layouts/application (15.2ms)
Completed 200 OK in 25ms (Views: 19.3ms | ActiveRecord: 1.5ms)


Started GET "/assets/shirt.png" for 127.0.0.1 at 2017-04-08 15:01:10 +0300


Started GET "/assets/application.css?body=1" for 127.0.0.1 at 2017-04-08 15:01:10 +0300


Started GET "/products/5/edit" for 127.0.0.1 at 2017-04-08 15:01:18 +0300
Processing by ProductsController#edit as HTML
  Parameters: {"id"=>"5"}
  [1m[36mProduct Load (0.3ms)[0m  [1mSELECT "products".* FROM "products" WHERE "products"."id" = ? LIMIT 1[0m  [["id", "5"]]
  Rendered products/_form.html.erb (16.6ms)
  Rendered products/edit.html.erb within layouts/application (19.4ms)
Completed 200 OK in 31ms (Views: 28.1ms | ActiveRecord: 0.3ms)


Started PATCH "/products/5" for 127.0.0.1 at 2017-04-08 15:01:22 +0300
Processing by ProductsController#update as HTML
  Parameters: {"utf8"=>"✓", "authenticity_token"=>"a/5NZtGqajJGt5oDmdY+GQEl9iF9DIx3TQKMjKzKfIQ=", "product"=>{"title"=>"Programming Ruby 1.9", "description"=>"<p>\r\n  Ruby is the fastest growing and most exciting dynamic language\r\n  out there. If you need to get working programs delivered fast,\r\n  you should add Ruby to your toolbox.\r\n  </p>", "image_url"=>"", "price"=>"49.95"}, "commit"=>"Update Product", "id"=>"5"}
  [1m[35mProduct Load (0.1ms)[0m  SELECT "products".* FROM "products" WHERE "products"."id" = ? LIMIT 1  [["id", "5"]]
  [1m[36m (0.2ms)[0m  [1mbegin transaction[0m
  [1m[35mProduct Exists (0.2ms)[0m  SELECT 1 AS one FROM "products" WHERE ("products"."title" = 'Programming Ruby 1.9' AND "products"."id" != 5) LIMIT 1
  [1m[36m (0.1ms)[0m  [1mrollback transaction[0m
  Rendered products/_form.html.erb (3.5ms)
  Rendered products/edit.html.erb within layouts/application (4.3ms)
Completed 200 OK in 15ms (Views: 7.6ms | ActiveRecord: 0.5ms)


Started GET "/assets/application.css?body=1" for 127.0.0.1 at 2017-04-08 15:01:22 +0300


Started PATCH "/products/5" for 127.0.0.1 at 2017-04-08 15:01:24 +0300
Processing by ProductsController#update as HTML
  Parameters: {"utf8"=>"✓", "authenticity_token"=>"a/5NZtGqajJGt5oDmdY+GQEl9iF9DIx3TQKMjKzKfIQ=", "product"=>{"title"=>"Programming Ruby 1.9", "description"=>"<p>\r\n  Ruby is the fastest growing and most exciting dynamic language\r\n  out there. If you need to get working programs delivered fast,\r\n  you should add Ruby to your toolbox.\r\n  </p>", "image_url"=>"shirt.png", "price"=>"49.95"}, "commit"=>"Update Product", "id"=>"5"}
  [1m[35mProduct Load (0.2ms)[0m  SELECT "products".* FROM "products" WHERE "products"."id" = ? LIMIT 1  [["id", "5"]]
  [1m[36m (0.1ms)[0m  [1mbegin transaction[0m
  [1m[35mProduct Exists (0.2ms)[0m  SELECT 1 AS one FROM "products" WHERE ("products"."title" = 'Programming Ruby 1.9' AND "products"."id" != 5) LIMIT 1
  [1m[36m (0.1ms)[0m  [1mcommit transaction[0m
Redirected to http://localhost:3000/products/5
Completed 302 Found in 6ms (ActiveRecord: 0.5ms)


Started GET "/products/5" for 127.0.0.1 at 2017-04-08 15:01:24 +0300
Processing by ProductsController#show as HTML
  Parameters: {"id"=>"5"}
  [1m[35mProduct Load (0.2ms)[0m  SELECT "products".* FROM "products" WHERE "products"."id" = ? LIMIT 1  [["id", "5"]]
  Rendered products/show.html.erb within layouts/application (0.6ms)
Completed 200 OK in 10ms (Views: 8.1ms | ActiveRecord: 0.2ms)


Started GET "/assets/application.css?body=1" for 127.0.0.1 at 2017-04-08 15:01:24 +0300


Started GET "/products" for 127.0.0.1 at 2017-04-08 15:01:25 +0300
Processing by ProductsController#index as HTML
  [1m[36mProduct Load (0.3ms)[0m  [1mSELECT "products".* FROM "products"[0m
DEPRECATION WARNING: :confirm option is deprecated and will be removed from Rails 4.1. Use 'data: { confirm: 'Text' }' instead. (called from block in _app_views_products_index_html_erb__2285717297731013217_70116913495240 at /Users/ExpFront/Documents/LearnRuby/depot/app/views/products/index.html.erb:18)
  Rendered products/index.html.erb within layouts/application (6.4ms)
Completed 200 OK in 15ms (Views: 13.8ms | ActiveRecord: 0.3ms)


Started GET "/assets/shirt.png" for 127.0.0.1 at 2017-04-08 15:01:25 +0300
